2024-12-02 14:21:20,045 DEBUG    root            Loaded Command Group: ['gcloud', 'components']
2024-12-02 14:21:20,048 DEBUG    root            Loaded Command Group: ['gcloud', 'components', 'update']
2024-12-02 14:21:20,050 DEBUG    root            Running [gcloud.components.update] with arguments: [--quiet: "True", COMPONENT-IDS:8: "['gcloud', 'core', 'bq', 'gsutil', 'compute', 'preview', 'alpha', 'beta']"]
2024-12-02 14:21:20,051 INFO     ___FILE_ONLY___ Beginning update. This process may take several minutes.

2024-12-02 14:21:20,060 DEBUG    urllib3.connectionpool Starting new HTTPS connection (1): dl.google.com:443
2024-12-02 14:21:20,339 DEBUG    urllib3.connectionpool https://dl.google.com:443 "GET /dl/cloudsdk/channels/rapid/components-2.json HTTP/1.1" 200 227816
2024-12-02 14:21:20,358 WARNING  root            Component [compute] no longer exists.
2024-12-02 14:21:20,359 INFO     ___FILE_ONLY___ 

2024-12-02 14:21:20,360 INFO     ___FILE_ONLY___ 
Your current Google Cloud CLI version is: 502.0.0

2024-12-02 14:21:20,360 INFO     ___FILE_ONLY___ Installing components from version: 502.0.0

2024-12-02 14:21:20,360 INFO     ___FILE_ONLY___ 

2024-12-02 14:21:20,360 DEBUG    root            Chosen display Format:table[box,title="These components will be removed."](details.display_name:label=Name:align=left,version.version_string:label=Version:align=right,data.size.size(zero="",min=1048576):label=Size:align=right)
2024-12-02 14:21:20,361 DEBUG    root            Chosen display Format:table[box,title="These components will be updated."](details.display_name:label=Name:align=left,version.version_string:label=Version:align=right,data.size.size(zero="",min=1048576):label=Size:align=right)
2024-12-02 14:21:20,362 DEBUG    root            Chosen display Format:table[box,title="These components will be installed."](details.display_name:label=Name:align=left,version.version_string:label=Version:align=right,data.size.size(zero="",min=1048576):label=Size:align=right)
2024-12-02 14:21:20,379 INFO     ___FILE_ONLY___ ┌────────────────────────────────────────────────┐
2024-12-02 14:21:20,379 INFO     ___FILE_ONLY___ 

2024-12-02 14:21:20,379 INFO     ___FILE_ONLY___ │      These components will be installed.       │
2024-12-02 14:21:20,379 INFO     ___FILE_ONLY___ 

2024-12-02 14:21:20,379 INFO     ___FILE_ONLY___ ├─────────────────────────┬────────────┬─────────┤
2024-12-02 14:21:20,379 INFO     ___FILE_ONLY___ 

2024-12-02 14:21:20,379 INFO     ___FILE_ONLY___ │           Name          │  Version   │   Size  │
2024-12-02 14:21:20,379 INFO     ___FILE_ONLY___ 

2024-12-02 14:21:20,379 INFO     ___FILE_ONLY___ ├─────────────────────────┼────────────┼─────────┤
2024-12-02 14:21:20,379 INFO     ___FILE_ONLY___ 

2024-12-02 14:21:20,379 INFO     ___FILE_ONLY___ │ 
2024-12-02 14:21:20,379 INFO     ___FILE_ONLY___ gcloud Alpha Commands  
2024-12-02 14:21:20,379 INFO     ___FILE_ONLY___  
2024-12-02 14:21:20,380 INFO     ___FILE_ONLY___ │ 
2024-12-02 14:21:20,380 INFO     ___FILE_ONLY___ 2024.11.15
2024-12-02 14:21:20,380 INFO     ___FILE_ONLY___  
2024-12-02 14:21:20,380 INFO     ___FILE_ONLY___ │ 
2024-12-02 14:21:20,380 INFO     ___FILE_ONLY___ < 1 MiB
2024-12-02 14:21:20,380 INFO     ___FILE_ONLY___  
2024-12-02 14:21:20,380 INFO     ___FILE_ONLY___ │
2024-12-02 14:21:20,380 INFO     ___FILE_ONLY___ 

2024-12-02 14:21:20,380 INFO     ___FILE_ONLY___ │ 
2024-12-02 14:21:20,380 INFO     ___FILE_ONLY___ gcloud Beta Commands   
2024-12-02 14:21:20,380 INFO     ___FILE_ONLY___  
2024-12-02 14:21:20,380 INFO     ___FILE_ONLY___ │ 
2024-12-02 14:21:20,380 INFO     ___FILE_ONLY___ 2024.11.15
2024-12-02 14:21:20,380 INFO     ___FILE_ONLY___  
2024-12-02 14:21:20,380 INFO     ___FILE_ONLY___ │ 
2024-12-02 14:21:20,381 INFO     ___FILE_ONLY___ < 1 MiB
2024-12-02 14:21:20,381 INFO     ___FILE_ONLY___  
2024-12-02 14:21:20,381 INFO     ___FILE_ONLY___ │
2024-12-02 14:21:20,381 INFO     ___FILE_ONLY___ 

2024-12-02 14:21:20,381 INFO     ___FILE_ONLY___ │ 
2024-12-02 14:21:20,381 INFO     ___FILE_ONLY___ gcloud Preview Commands
2024-12-02 14:21:20,381 INFO     ___FILE_ONLY___  
2024-12-02 14:21:20,381 INFO     ___FILE_ONLY___ │ 
2024-12-02 14:21:20,381 INFO     ___FILE_ONLY___           
2024-12-02 14:21:20,381 INFO     ___FILE_ONLY___  
2024-12-02 14:21:20,381 INFO     ___FILE_ONLY___ │ 
2024-12-02 14:21:20,381 INFO     ___FILE_ONLY___ < 1 MiB
2024-12-02 14:21:20,381 INFO     ___FILE_ONLY___  
2024-12-02 14:21:20,381 INFO     ___FILE_ONLY___ │
2024-12-02 14:21:20,381 INFO     ___FILE_ONLY___ 

2024-12-02 14:21:20,382 INFO     ___FILE_ONLY___ └─────────────────────────┴────────────┴─────────┘
2024-12-02 14:21:20,382 INFO     ___FILE_ONLY___ 

2024-12-02 14:21:20,382 INFO     ___FILE_ONLY___ 

2024-12-02 14:21:20,385 DEBUG    urllib3.connectionpool Starting new HTTPS connection (1): dl.google.com:443
2024-12-02 14:21:20,660 DEBUG    urllib3.connectionpool https://dl.google.com:443 "GET /dl/cloudsdk/channels/rapid/RELEASE_NOTES HTTP/1.1" 200 1314602
2024-12-02 14:21:20,698 INFO     ___FILE_ONLY___ For the latest full release notes, please visit:
  https://cloud.google.com/sdk/release_notes


2024-12-02 14:21:20,698 INFO     ___FILE_ONLY___ Performing in place update...


2024-12-02 14:21:20,700 INFO     ___FILE_ONLY___ ╔════════════════════════════════════════════════════════════╗

2024-12-02 14:21:20,701 INFO     ___FILE_ONLY___ ╠═ Downloading: gcloud Alpha Commands                       ═╣

2024-12-02 14:21:20,701 INFO     ___FILE_ONLY___ ╚
2024-12-02 14:21:20,704 DEBUG    urllib3.connectionpool Starting new HTTPS connection (1): dl.google.com:443
2024-12-02 14:21:21,004 DEBUG    urllib3.connectionpool https://dl.google.com:443 "GET /dl/cloudsdk/channels/rapid/components/google-cloud-sdk-alpha-20241115154308.tar.gz HTTP/1.1" 200 800
2024-12-02 14:21:21,005 INFO     ___FILE_ONLY___ ════════════════════════════════════════════════════════════
2024-12-02 14:21:21,005 INFO     ___FILE_ONLY___ ╝

2024-12-02 14:21:21,007 INFO     ___FILE_ONLY___ ╔════════════════════════════════════════════════════════════╗

2024-12-02 14:21:21,007 INFO     ___FILE_ONLY___ ╠═ Downloading: gcloud Beta Commands                        ═╣

2024-12-02 14:21:21,007 INFO     ___FILE_ONLY___ ╚
2024-12-02 14:21:21,011 DEBUG    urllib3.connectionpool Starting new HTTPS connection (1): dl.google.com:443
2024-12-02 14:21:21,287 DEBUG    urllib3.connectionpool https://dl.google.com:443 "GET /dl/cloudsdk/channels/rapid/components/google-cloud-sdk-beta-20241115154308.tar.gz HTTP/1.1" 200 797
2024-12-02 14:21:21,288 INFO     ___FILE_ONLY___ ════════════════════════════════════════════════════════════
2024-12-02 14:21:21,288 INFO     ___FILE_ONLY___ ╝

2024-12-02 14:21:21,290 INFO     ___FILE_ONLY___ ╔════════════════════════════════════════════════════════════╗

2024-12-02 14:21:21,290 INFO     ___FILE_ONLY___ ╠═ Downloading: gcloud Preview Commands                     ═╣

2024-12-02 14:21:21,290 INFO     ___FILE_ONLY___ ╚
2024-12-02 14:21:21,294 DEBUG    urllib3.connectionpool Starting new HTTPS connection (1): dl.google.com:443
2024-12-02 14:21:21,649 DEBUG    urllib3.connectionpool https://dl.google.com:443 "GET /dl/cloudsdk/channels/rapid/components/google-cloud-sdk-preview-20241115154308.tar.gz HTTP/1.1" 200 823
2024-12-02 14:21:21,650 INFO     ___FILE_ONLY___ ════════════════════════════════════════════════════════════
2024-12-02 14:21:21,650 INFO     ___FILE_ONLY___ ╝

2024-12-02 14:21:21,652 INFO     ___FILE_ONLY___ ╔════════════════════════════════════════════════════════════╗

2024-12-02 14:21:21,652 INFO     ___FILE_ONLY___ ╠═ Installing: gcloud Alpha Commands                        ═╣

2024-12-02 14:21:21,652 INFO     ___FILE_ONLY___ ╚
2024-12-02 14:21:21,654 INFO     ___FILE_ONLY___ ════════════════════════════════════════════════════════════
2024-12-02 14:21:21,654 INFO     ___FILE_ONLY___ ╝

2024-12-02 14:21:21,669 INFO     ___FILE_ONLY___ ╔════════════════════════════════════════════════════════════╗

2024-12-02 14:21:21,669 INFO     ___FILE_ONLY___ ╠═ Installing: gcloud Beta Commands                         ═╣

2024-12-02 14:21:21,669 INFO     ___FILE_ONLY___ ╚
2024-12-02 14:21:21,670 INFO     ___FILE_ONLY___ ════════════════════════════════════════════════════════════
2024-12-02 14:21:21,671 INFO     ___FILE_ONLY___ ╝

2024-12-02 14:21:21,677 INFO     ___FILE_ONLY___ ╔════════════════════════════════════════════════════════════╗

2024-12-02 14:21:21,677 INFO     ___FILE_ONLY___ ╠═ Installing: gcloud Preview Commands                      ═╣

2024-12-02 14:21:21,678 INFO     ___FILE_ONLY___ ╚
2024-12-02 14:21:21,679 INFO     ___FILE_ONLY___ ════════════════════════════════════════════════════════════
2024-12-02 14:21:21,679 INFO     ___FILE_ONLY___ ╝

2024-12-02 14:21:21,689 DEBUG    root            Updating notification cache...
2024-12-02 14:21:21,690 INFO     ___FILE_ONLY___ 

2024-12-02 14:21:21,692 INFO     ___FILE_ONLY___ Performing post processing steps...
2024-12-02 14:21:21,692 DEBUG    root            Executing command: ['/tools/google-cloud-sdk/bin/gcloud', 'components', 'post-process']
2024-12-02 14:21:34,349 DEBUG    ___FILE_ONLY___ 
2024-12-02 14:21:34,350 DEBUG    ___FILE_ONLY___ 
2024-12-02 14:21:34,470 INFO     ___FILE_ONLY___ 
Update done!


2024-12-02 14:21:34,474 DEBUG    root            Chosen display Format:none
2024-12-02 14:21:34,474 INFO     root            Display format: "none"
